<?xml version="1.0" encoding="UTF-8"?>
<!-- Generated by org.testng.reporters.JUnitReportReporter -->
<testsuite hostname="Vivek" failures="0" tests="1" name="Test.Regster" time="2.261" errors="0" timestamp="2023-06-29T16:09:35 IST" skipped="0">
  <testcase classname="Test.Regster" name="test" time="2.261"/>
  <system-out/>
</testsuite> <!-- Test.Regster -->
