<?xml version="1.0" encoding="UTF-8"?>
<!-- Generated by org.testng.reporters.JUnitReportReporter -->
<testsuite hostname="Vivek" failures="0" tests="1" name="UserTestScripts.UserRegistrationTest" time="3.204" errors="0" timestamp="2023-08-08T22:49:19 IST" skipped="0">
  <testcase classname="UserTestScripts.UserRegistrationTest" name="userRegistrationTest" time="3.204"/>
</testsuite> <!-- UserTestScripts.UserRegistrationTest -->
