<?xml version="1.0" encoding="UTF-8"?>
<!-- Generated by org.testng.reporters.JUnitReportReporter -->
<testsuite hostname="Vivek" failures="0" tests="1" name="UserTestScripts.UserRegistrationTest" time="3.906" errors="0" timestamp="2023-06-30T17:47:03 IST" skipped="0">
  <testcase classname="UserTestScripts.UserRegistrationTest" name="userRegistrationTest" time="3.906"/>
  <system-out/>
</testsuite> <!-- UserTestScripts.UserRegistrationTest -->
