<?xml version="1.0" encoding="UTF-8"?>
<!-- Generated by org.testng.reporters.JUnitReportReporter -->
<testsuite hostname="Vivek" failures="0" tests="1" name="Test.CreateCategories" time="11.092" errors="0" timestamp="2023-06-30T02:26:44 IST" skipped="0">
  <testcase classname="Test.CreateCategories" name="createCategoriesTest" time="11.092"/>
  <system-out/>
</testsuite> <!-- Test.CreateCategories -->
