<?xml version="1.0" encoding="UTF-8"?>
<!-- Generated by org.testng.reporters.JUnitReportReporter -->
<testsuite hostname="Vivek" failures="0" tests="1" name="Test.TotalCustomers2" time="3.600" errors="0" timestamp="2023-06-28T02:57:03 IST" skipped="0">
  <testcase classname="Test.TotalCustomers2" name="totalCustomers" time="3.600"/>
  <system-out/>
</testsuite> <!-- Test.TotalCustomers2 -->
