<?xml version="1.0" encoding="UTF-8"?>
<!-- Generated by org.testng.reporters.JUnitReportReporter -->
<testsuite hostname="Vivek" failures="0" tests="1" name="AdminTestScripts.CreateCategoriesTest" time="4.654" errors="0" timestamp="2023-08-08T22:40:25 IST" skipped="0">
  <testcase classname="AdminTestScripts.CreateCategoriesTest" name="createCategoriesTest" time="4.654"/>
</testsuite> <!-- AdminTestScripts.CreateCategoriesTest -->
