<?xml version="1.0" encoding="UTF-8"?>
<!-- Generated by org.testng.reporters.JUnitReportReporter -->
<testsuite hostname="Vivek" failures="0" tests="1" name="AdminTestScripts.CreateCategoriesTest" time="3.345" errors="0" timestamp="2023-07-24T13:17:53 IST" skipped="0">
  <testcase classname="AdminTestScripts.CreateCategoriesTest" name="createCategoriesTest" time="3.345"/>
  <system-out/>
</testsuite> <!-- AdminTestScripts.CreateCategoriesTest -->
