<?xml version="1.0" encoding="UTF-8"?>
<!-- Generated by org.testng.reporters.JUnitReportReporter -->
<testsuite hostname="Vivek" failures="0" tests="1" name="UserTestScripts.UserRegistrationTest" time="2.817" errors="0" timestamp="2023-07-24T13:17:53 IST" skipped="0">
  <testcase classname="UserTestScripts.UserRegistrationTest" name="userRegistrationTest" time="2.817"/>
  <system-out/>
</testsuite> <!-- UserTestScripts.UserRegistrationTest -->
