<?xml version="1.0" encoding="UTF-8"?>
<!-- Generated by org.testng.reporters.JUnitReportReporter -->
<testsuite hostname="Vivek" failures="0" tests="1" name="UserTestScripts.UserLoginTest" time="5.409" errors="0" timestamp="2023-07-26T02:02:30 IST" skipped="0">
  <testcase classname="UserTestScripts.UserLoginTest" name="loginAsUserToApplication" time="5.409"/>
  <system-out/>
</testsuite> <!-- UserTestScripts.UserLoginTest -->
