<?xml version="1.0" encoding="UTF-8"?>
<!-- Generated by org.testng.reporters.JUnitReportReporter -->
<testsuite hostname="Vivek" failures="0" tests="1" name="Test.Test1" time="2.589" errors="0" timestamp="2023-06-28T17:43:01 IST" skipped="0">
  <testcase classname="Test.Test1" name="test" time="2.589"/>
  <system-out/>
</testsuite> <!-- Test.Test1 -->
