<?xml version="1.0" encoding="UTF-8"?>
<!-- Generated by org.testng.reporters.JUnitReportReporter -->
<testsuite hostname="Vivek" failures="0" tests="1" name="UserTestScripts.UserRegistrationTest" time="2.769" errors="0" timestamp="2023-07-13T15:16:27 IST" skipped="0">
  <testcase classname="UserTestScripts.UserRegistrationTest" name="userRegistrationTest" time="2.769"/>
  <system-out/>
</testsuite> <!-- UserTestScripts.UserRegistrationTest -->
