<?xml version="1.0" encoding="UTF-8"?>
<!-- Generated by org.testng.reporters.JUnitReportReporter -->
<testsuite hostname="Vivek" failures="0" tests="1" name="UserTestScripts.UserRegistrationTest" time="2.608" errors="0" timestamp="2023-08-08T22:51:34 IST" skipped="0">
  <testcase classname="UserTestScripts.UserRegistrationTest" name="userRegistrationTest" time="2.608"/>
  <system-out/>
</testsuite> <!-- UserTestScripts.UserRegistrationTest -->
