<?xml version="1.0" encoding="UTF-8"?>
<!-- Generated by org.testng.reporters.JUnitReportReporter -->
<testsuite hostname="Vivek" failures="0" tests="1" name="Test.LoginAdminTest" time="5.416" errors="0" timestamp="2023-06-28T17:43:01 IST" skipped="0">
  <testcase classname="Test.LoginAdminTest" name="loginAsAdminTest" time="5.416"/>
  <system-out/>
</testsuite> <!-- Test.LoginAdminTest -->
